{"timestamp":"2026-07-03T20:21:16+01:00","channel":"exception","message":"SQLSTATE[HY093]: Invalid parameter number","context":{"class":"PDOException","file":"C:\\xampp\\htdocs\\tech\\app\\Core\\Database.php","line":80,"trace":"#0 C:\\xampp\\htdocs\\tech\\app\\Core\\Database.php(80): PDOStatement->execute(Array)\n#1 C:\\xampp\\htdocs\\tech\\app\\Core\\Database.php(103): App\\Core\\Database->query('SELECT\\n        ...', Array)\n#2 C:\\xampp\\htdocs\\tech\\app\\Services\\AuthService.php(206): App\\Core\\Database->fetchOne('SELECT\\n        ...', Array)\n#3 C:\\xampp\\htdocs\\tech\\app\\Services\\AuthService.php(55): App\\Services\\AuthService->findUserByIdentifier('admin@example.c...')\n#4 C:\\xampp\\htdocs\\tech\\includes\\auth-login-handler.php(26): App\\Services\\AuthService->attempt('admin@example.c...', 'Admin@123', 'student', false)\n#5 C:\\xampp\\htdocs\\tech\\student\\student-auth.php(4): require('C:\\\\xampp\\\\htdocs...')\n#6 {main}"}}
{"timestamp":"2026-07-03T20:21:33+01:00","channel":"exception","message":"SQLSTATE[HY093]: Invalid parameter number","context":{"class":"PDOException","file":"C:\\xampp\\htdocs\\tech\\app\\Core\\Database.php","line":80,"trace":"#0 C:\\xampp\\htdocs\\tech\\app\\Core\\Database.php(80): PDOStatement->execute(Array)\n#1 C:\\xampp\\htdocs\\tech\\app\\Core\\Database.php(103): App\\Core\\Database->query('SELECT\\n        ...', Array)\n#2 C:\\xampp\\htdocs\\tech\\app\\Services\\AuthService.php(206): App\\Core\\Database->fetchOne('SELECT\\n        ...', Array)\n#3 C:\\xampp\\htdocs\\tech\\app\\Services\\AuthService.php(55): App\\Services\\AuthService->findUserByIdentifier('REG-2026-001')\n#4 C:\\xampp\\htdocs\\tech\\includes\\auth-login-handler.php(26): App\\Services\\AuthService->attempt('REG-2026-001', 'password', 'student', false)\n#5 C:\\xampp\\htdocs\\tech\\student\\student-auth.php(4): require('C:\\\\xampp\\\\htdocs...')\n#6 {main}"}}
{"timestamp":"2026-07-03T20:22:42+01:00","channel":"exception","message":"SQLSTATE[HY093]: Invalid parameter number: parameter was not defined","context":{"class":"PDOException","file":"C:\\xampp\\htdocs\\tech\\app\\Core\\Database.php","line":80,"trace":"#0 C:\\xampp\\htdocs\\tech\\app\\Core\\Database.php(80): PDOStatement->execute(Array)\n#1 C:\\xampp\\htdocs\\tech\\app\\Core\\Database.php(103): App\\Core\\Database->query('SELECT\\n        ...', Array)\n#2 C:\\xampp\\htdocs\\tech\\app\\Services\\AuthService.php(206): App\\Core\\Database->fetchOne('SELECT\\n        ...', Array)\n#3 C:\\xampp\\htdocs\\tech\\app\\Services\\AuthService.php(55): App\\Services\\AuthService->findUserByIdentifier('REG-2026-001')\n#4 C:\\xampp\\htdocs\\tech\\tmp_auth_test.php(4): App\\Services\\AuthService->attempt('REG-2026-001', 'password', 'student', false)\n#5 {main}"}}
{"timestamp":"2026-07-03T20:23:30+01:00","channel":"security","message":"Failed login attempt.","context":{"identifier":"REG-2026-001","portal":"student"}}
{"timestamp":"2026-07-03T20:24:48+01:00","channel":"login","message":"User logged in.","context":{"user_id":4,"ip_address":""}}
{"timestamp":"2026-07-03T20:25:15+01:00","channel":"login","message":"User logged in.","context":{"user_id":4,"ip_address":"::1"}}
{"timestamp":"2026-07-03T20:25:52+01:00","channel":"security","message":"Failed login attempt.","context":{"identifier":"admin@example.com","portal":"teacher"}}
{"timestamp":"2026-07-03T21:40:21+01:00","channel":"security","message":"Failed login attempt.","context":{"identifier":"admin@example.com","portal":"admin"}}
{"timestamp":"2026-07-03T21:40:27+01:00","channel":"security","message":"Failed login attempt.","context":{"identifier":"admin@example.com","portal":"admin"}}
{"timestamp":"2026-07-03T21:41:20+01:00","channel":"security","message":"Failed login attempt.","context":{"identifier":"admin@school.test","portal":"admin"}}
{"timestamp":"2026-07-03T21:41:28+01:00","channel":"login","message":"User logged in.","context":{"user_id":1,"ip_address":"::1"}}
{"timestamp":"2026-07-03T21:46:08+01:00","channel":"security","message":"Failed login attempt.","context":{"identifier":"admin@example.com","portal":"student"}}
{"timestamp":"2026-07-03T21:46:13+01:00","channel":"security","message":"Failed login attempt.","context":{"identifier":"admin@example.com","portal":"student"}}
{"timestamp":"2026-07-03T21:46:38+01:00","channel":"exception","message":"SQLSTATE[42S02]: Base table or view not found: 1146 Table 'school_management.remember_tokens' doesn't exist","context":{"class":"PDOException","file":"C:\\xampp\\htdocs\\tech\\app\\Core\\Database.php","line":79,"trace":"#0 C:\\xampp\\htdocs\\tech\\app\\Core\\Database.php(79): PDO->prepare('DELETE FROM rem...')\n#1 C:\\xampp\\htdocs\\tech\\app\\Core\\Database.php(92): App\\Core\\Database->query('DELETE FROM rem...', Array)\n#2 C:\\xampp\\htdocs\\tech\\app\\Services\\AuthService.php(286): App\\Core\\Database->execute('DELETE FROM rem...', Array)\n#3 C:\\xampp\\htdocs\\tech\\app\\Services\\AuthService.php(85): App\\Services\\AuthService->createRememberToken(4)\n#4 C:\\xampp\\htdocs\\tech\\includes\\auth-login-handler.php(26): App\\Services\\AuthService->attempt('REG-2026-001', 'password', 'student', true)\n#5 C:\\xampp\\htdocs\\tech\\student\\student-auth.php(4): require('C:\\\\xampp\\\\htdocs...')\n#6 {main}"}}
{"timestamp":"2026-07-03T21:47:03+01:00","channel":"login","message":"User logged in.","context":{"user_id":4,"ip_address":"::1"}}
{"timestamp":"2026-07-03T21:55:41+01:00","channel":"login","message":"User logged in.","context":{"user_id":1,"ip_address":""}}
{"timestamp":"2026-07-03T21:55:41+01:00","channel":"login","message":"User logged in.","context":{"user_id":2,"ip_address":""}}
{"timestamp":"2026-07-03T21:55:41+01:00","channel":"login","message":"User logged in.","context":{"user_id":3,"ip_address":""}}
{"timestamp":"2026-07-03T21:55:42+01:00","channel":"login","message":"User logged in.","context":{"user_id":4,"ip_address":""}}
{"timestamp":"2026-07-03T21:57:18+01:00","channel":"login","message":"User logged in.","context":{"user_id":1,"ip_address":"::1"}}
{"timestamp":"2026-07-03T22:37:24+01:00","channel":"login","message":"User logged in.","context":{"user_id":6,"ip_address":"::1"}}
{"timestamp":"2026-07-03T23:03:58+01:00","channel":"login","message":"User logged in.","context":{"user_id":1,"ip_address":"::1"}}
{"timestamp":"2026-07-03T23:30:03+01:00","channel":"login","message":"User logged in.","context":{"user_id":8,"ip_address":"::1"}}
{"timestamp":"2026-07-03T23:49:50+01:00","channel":"login","message":"User logged in.","context":{"user_id":8,"ip_address":"::1"}}
